<?xml version="1.0" encoding="UTF-8"?>
<!-- Generated by org.testng.reporters.JUnitReportReporter -->
<testsuite skipped="0" hostname="LAPTOP-A42B5ES7" name="practise.Excel" tests="1" failures="0" timestamp="2021-11-12T21:07:09 IST" time="0.416" errors="0">
  <testcase name="data" time="0.416" classname="practise.Excel"/>
  <system-out/>
</testsuite> <!-- practise.Excel -->
