<?xml version="1.0" encoding="UTF-8"?>
<!-- Generated by org.testng.reporters.JUnitReportReporter -->
<testsuite skipped="0" hostname="LAPTOP-A42B5ES7" name="com.vtiger.createorganization.CreateOrgTest" tests="2" failures="0" timestamp="2021-11-12T22:10:05 IST" time="23.102" errors="0">
  <testcase name="createOrgTest" time="11.403" classname="com.vtiger.createorganization.CreateOrgTest"/>
  <system-out/>
  <testcase name="createOrgTest" time="11.699" classname="com.vtiger.createorganization.CreateOrgTest"/>
  <system-out/>
</testsuite> <!-- com.vtiger.createorganization.CreateOrgTest -->
