<?xml version="1.0" encoding="UTF-8"?>
<!-- Generated by org.testng.reporters.JUnitReportReporter -->
<testsuite skipped="0" hostname="LAPTOP-A42B5ES7" name="com.vtiger.createcontact.CreateContactWithOrganizationTest" tests="2" failures="0" timestamp="2021-11-12T22:10:05 IST" time="39.976" errors="0">
  <testcase name="createContactWithOrgTest" time="19.686" classname="com.vtiger.createcontact.CreateContactWithOrganizationTest"/>
  <system-out/>
  <testcase name="createContactWithOrgTest" time="20.290" classname="com.vtiger.createcontact.CreateContactWithOrganizationTest"/>
  <system-out/>
</testsuite> <!-- com.vtiger.createcontact.CreateContactWithOrganizationTest -->
