<?xml version="1.0" encoding="UTF-8"?>
<!-- Generated by org.testng.reporters.JUnitReportReporter -->
<testsuite skipped="0" hostname="LAPTOP-A42B5ES7" name="com.vtiger.createcontact.CreateContactTest" tests="2" failures="0" timestamp="2021-11-12T22:10:05 IST" time="22.336" errors="0">
  <testcase name="createContactTest" time="10.550" classname="com.vtiger.createcontact.CreateContactTest"/>
  <system-out/>
  <testcase name="createContactTest" time="11.786" classname="com.vtiger.createcontact.CreateContactTest"/>
  <system-out/>
</testsuite> <!-- com.vtiger.createcontact.CreateContactTest -->
