<?xml version="1.0" encoding="UTF-8"?>
<!-- Generated by org.testng.reporters.JUnitReportReporter -->
<testsuite skipped="0" hostname="LAPTOP-A42B5ES7" name="com.vtiger.createorganization.CreateOrganizationWithIndustry" tests="2" failures="0" timestamp="2021-11-12T22:10:05 IST" time="23.993" errors="0">
  <testcase name="createOrgWithIndustriesTest" time="12.468" classname="com.vtiger.createorganization.CreateOrganizationWithIndustry"/>
  <system-out/>
  <testcase name="createOrgWithIndustriesTest" time="11.525" classname="com.vtiger.createorganization.CreateOrganizationWithIndustry"/>
  <system-out/>
</testsuite> <!-- com.vtiger.createorganization.CreateOrganizationWithIndustry -->
